2018-05-28 18:10:53,193 [Worker-0] INFO  c.g.t.t.d.PublishedGradleVersions - Gradle version information cache is not available. Remote download required.
2018-05-28 18:11:15,095 [Worker-4] INFO  o.e.m.c.i.p.ProjectConfigurationManager - Collecting project info '/pom.xml' C:\Users\Administrator\eclipse-workspace\teste\pom.xml
2018-05-28 18:11:16,146 [Worker-4] INFO  o.e.m.c.i.l.LifecycleMappingFactory - Using org.eclipse.m2e.jdt.JarLifecycleMapping lifecycle mapping for MavenProject: teste:teste:0.0.1-SNAPSHOT @ C:\Users\Administrator\eclipse-workspace\teste\pom.xml.
2018-05-28 18:11:17,048 [Worker-4] INFO  o.e.m.j.i.AbstractJavaProjectConfigurator - Adding source folder /teste/src/main/java
2018-05-28 18:11:17,052 [Worker-4] INFO  o.e.m.j.i.AbstractJavaProjectConfigurator - Adding source folder /teste/src/test/java
2018-05-28 18:11:17,826 [Worker-4] INFO  o.e.m.c.i.p.ProjectConfigurationManager - Imported and configured 1 project(s) in 2 sec
2018-05-28 18:11:18,444 [Worker-5] INFO  o.e.m.c.i.embedder.EclipseLogger - Using 'UTF-8' encoding to copy filtered resources.
2018-05-28 18:11:18,444 [Worker-5] INFO  o.e.m.c.i.embedder.EclipseLogger - skip non existing resourceDirectory C:\Users\Administrator\eclipse-workspace\teste\src\main\resources
2018-05-28 18:11:18,446 [Worker-5] INFO  o.e.m.c.i.embedder.EclipseLogger - Using 'UTF-8' encoding to copy filtered resources.
2018-05-28 18:11:18,446 [Worker-5] INFO  o.e.m.c.i.embedder.EclipseLogger - skip non existing resourceDirectory C:\Users\Administrator\eclipse-workspace\teste\src\test\resources
2019-05-06 08:12:46,031 [Worker-1] INFO  c.g.t.t.d.PublishedGradleVersions - Gradle version information cache is out-of-date. Trying to update.
2019-05-06 08:12:51,720 [Worker-1] WARN  o.e.m.c.internal.embedder.MavenImpl - Failed to decrypt password for server central: org.sonatype.plexus.components.sec.dispatcher.SecDispatcherException: java.io.FileNotFoundException: C:\Users\logonrmlocal\.m2\settings-security.xml (The system cannot find the file specified)
org.sonatype.plexus.components.sec.dispatcher.SecDispatcherException: org.sonatype.plexus.components.sec.dispatcher.SecDispatcherException: java.io.FileNotFoundException: C:\Users\logonrmlocal\.m2\settings-security.xml (The system cannot find the file specified)
	at org.sonatype.plexus.components.sec.dispatcher.DefaultSecDispatcher.decrypt(DefaultSecDispatcher.java:121) ~[plexus-sec-dispatcher-1.3.jar:na]
	at org.apache.maven.settings.crypto.DefaultSettingsDecrypter.decrypt(DefaultSettingsDecrypter.java:107) ~[maven-settings-builder-3.3.9.jar:3.3.9]
	at org.apache.maven.settings.crypto.DefaultSettingsDecrypter.decrypt(DefaultSettingsDecrypter.java:63) ~[maven-settings-builder-3.3.9.jar:3.3.9]
	at org.eclipse.m2e.core.internal.embedder.MavenImpl.decryptPassword(MavenImpl.java:547) ~[org.eclipse.m2e.core_1.8.3.20180227-2137.jar:na]
	at org.eclipse.m2e.core.internal.repository.RepositoryRegistry.getAuthenticationInfo(RepositoryRegistry.java:214) [org.eclipse.m2e.core_1.8.3.20180227-2137.jar:na]
	at org.eclipse.m2e.core.internal.repository.RepositoryRegistry.updateRegistry(RepositoryRegistry.java:258) [org.eclipse.m2e.core_1.8.3.20180227-2137.jar:na]
	at org.eclipse.m2e.core.internal.repository.RepositoryRegistryUpdateJob.run(RepositoryRegistryUpdateJob.java:47) [org.eclipse.m2e.core_1.8.3.20180227-2137.jar:na]
	at org.eclipse.core.internal.jobs.Worker.run(Worker.java:56) [org.eclipse.core.jobs_3.9.3.v20180115-1757.jar:na]
Caused by: org.sonatype.plexus.components.sec.dispatcher.SecDispatcherException: java.io.FileNotFoundException: C:\Users\logonrmlocal\.m2\settings-security.xml (The system cannot find the file specified)
	at org.sonatype.plexus.components.sec.dispatcher.SecUtil.read(SecUtil.java:69) ~[plexus-sec-dispatcher-1.3.jar:na]
	at org.sonatype.plexus.components.sec.dispatcher.DefaultSecDispatcher.getSec(DefaultSecDispatcher.java:206) ~[plexus-sec-dispatcher-1.3.jar:na]
	at org.sonatype.plexus.components.sec.dispatcher.DefaultSecDispatcher.decrypt(DefaultSecDispatcher.java:90) ~[plexus-sec-dispatcher-1.3.jar:na]
	... 7 common frames omitted
Caused by: java.io.FileNotFoundException: C:\Users\logonrmlocal\.m2\settings-security.xml (The system cannot find the file specified)
	at java.io.FileInputStream.open0(Native Method) ~[na:1.8.0_171]
	at java.io.FileInputStream.open(Unknown Source) ~[na:1.8.0_171]
	at java.io.FileInputStream.<init>(Unknown Source) ~[na:1.8.0_171]
	at org.sonatype.plexus.components.sec.dispatcher.SecUtil.toStream(SecUtil.java:100) ~[plexus-sec-dispatcher-1.3.jar:na]
	at org.sonatype.plexus.components.sec.dispatcher.SecUtil.read(SecUtil.java:56) ~[plexus-sec-dispatcher-1.3.jar:na]
	... 9 common frames omitted
2019-05-06 08:12:52,028 [Worker-1] WARN  o.e.m.c.internal.embedder.MavenImpl - Failed to decrypt password for server snapshots: org.sonatype.plexus.components.sec.dispatcher.SecDispatcherException: java.io.FileNotFoundException: C:\Users\logonrmlocal\.m2\settings-security.xml (The system cannot find the file specified)
org.sonatype.plexus.components.sec.dispatcher.SecDispatcherException: org.sonatype.plexus.components.sec.dispatcher.SecDispatcherException: java.io.FileNotFoundException: C:\Users\logonrmlocal\.m2\settings-security.xml (The system cannot find the file specified)
	at org.sonatype.plexus.components.sec.dispatcher.DefaultSecDispatcher.decrypt(DefaultSecDispatcher.java:121) ~[plexus-sec-dispatcher-1.3.jar:na]
	at org.apache.maven.settings.crypto.DefaultSettingsDecrypter.decrypt(DefaultSettingsDecrypter.java:107) ~[maven-settings-builder-3.3.9.jar:3.3.9]
	at org.apache.maven.settings.crypto.DefaultSettingsDecrypter.decrypt(DefaultSettingsDecrypter.java:63) ~[maven-settings-builder-3.3.9.jar:3.3.9]
	at org.eclipse.m2e.core.internal.embedder.MavenImpl.decryptPassword(MavenImpl.java:547) ~[org.eclipse.m2e.core_1.8.3.20180227-2137.jar:na]
	at org.eclipse.m2e.core.internal.repository.RepositoryRegistry.getAuthenticationInfo(RepositoryRegistry.java:214) [org.eclipse.m2e.core_1.8.3.20180227-2137.jar:na]
	at org.eclipse.m2e.core.internal.repository.RepositoryRegistry.updateRegistry(RepositoryRegistry.java:258) [org.eclipse.m2e.core_1.8.3.20180227-2137.jar:na]
	at org.eclipse.m2e.core.internal.repository.RepositoryRegistryUpdateJob.run(RepositoryRegistryUpdateJob.java:47) [org.eclipse.m2e.core_1.8.3.20180227-2137.jar:na]
	at org.eclipse.core.internal.jobs.Worker.run(Worker.java:56) [org.eclipse.core.jobs_3.9.3.v20180115-1757.jar:na]
Caused by: org.sonatype.plexus.components.sec.dispatcher.SecDispatcherException: java.io.FileNotFoundException: C:\Users\logonrmlocal\.m2\settings-security.xml (The system cannot find the file specified)
	at org.sonatype.plexus.components.sec.dispatcher.SecUtil.read(SecUtil.java:69) ~[plexus-sec-dispatcher-1.3.jar:na]
	at org.sonatype.plexus.components.sec.dispatcher.DefaultSecDispatcher.getSec(DefaultSecDispatcher.java:206) ~[plexus-sec-dispatcher-1.3.jar:na]
	at org.sonatype.plexus.components.sec.dispatcher.DefaultSecDispatcher.decrypt(DefaultSecDispatcher.java:90) ~[plexus-sec-dispatcher-1.3.jar:na]
	... 7 common frames omitted
Caused by: java.io.FileNotFoundException: C:\Users\logonrmlocal\.m2\settings-security.xml (The system cannot find the file specified)
	at java.io.FileInputStream.open0(Native Method) ~[na:1.8.0_171]
	at java.io.FileInputStream.open(Unknown Source) ~[na:1.8.0_171]
	at java.io.FileInputStream.<init>(Unknown Source) ~[na:1.8.0_171]
	at org.sonatype.plexus.components.sec.dispatcher.SecUtil.toStream(SecUtil.java:100) ~[plexus-sec-dispatcher-1.3.jar:na]
	at org.sonatype.plexus.components.sec.dispatcher.SecUtil.read(SecUtil.java:56) ~[plexus-sec-dispatcher-1.3.jar:na]
	... 9 common frames omitted
2019-05-06 08:12:52,340 [Worker-1] WARN  o.e.m.c.internal.embedder.MavenImpl - Failed to decrypt password for server central: org.sonatype.plexus.components.sec.dispatcher.SecDispatcherException: java.io.FileNotFoundException: C:\Users\logonrmlocal\.m2\settings-security.xml (The system cannot find the file specified)
org.sonatype.plexus.components.sec.dispatcher.SecDispatcherException: org.sonatype.plexus.components.sec.dispatcher.SecDispatcherException: java.io.FileNotFoundException: C:\Users\logonrmlocal\.m2\settings-security.xml (The system cannot find the file specified)
	at org.sonatype.plexus.components.sec.dispatcher.DefaultSecDispatcher.decrypt(DefaultSecDispatcher.java:121) ~[plexus-sec-dispatcher-1.3.jar:na]
	at org.apache.maven.settings.crypto.DefaultSettingsDecrypter.decrypt(DefaultSettingsDecrypter.java:107) ~[maven-settings-builder-3.3.9.jar:3.3.9]
	at org.apache.maven.settings.crypto.DefaultSettingsDecrypter.decrypt(DefaultSettingsDecrypter.java:63) ~[maven-settings-builder-3.3.9.jar:3.3.9]
	at org.eclipse.m2e.core.internal.embedder.MavenImpl.decryptPassword(MavenImpl.java:547) ~[org.eclipse.m2e.core_1.8.3.20180227-2137.jar:na]
	at org.eclipse.m2e.core.internal.repository.RepositoryRegistry.getAuthenticationInfo(RepositoryRegistry.java:214) [org.eclipse.m2e.core_1.8.3.20180227-2137.jar:na]
	at org.eclipse.m2e.core.internal.repository.RepositoryRegistry.updateRegistry(RepositoryRegistry.java:258) [org.eclipse.m2e.core_1.8.3.20180227-2137.jar:na]
	at org.eclipse.m2e.core.internal.repository.RepositoryRegistryUpdateJob.run(RepositoryRegistryUpdateJob.java:47) [org.eclipse.m2e.core_1.8.3.20180227-2137.jar:na]
	at org.eclipse.core.internal.jobs.Worker.run(Worker.java:56) [org.eclipse.core.jobs_3.9.3.v20180115-1757.jar:na]
Caused by: org.sonatype.plexus.components.sec.dispatcher.SecDispatcherException: java.io.FileNotFoundException: C:\Users\logonrmlocal\.m2\settings-security.xml (The system cannot find the file specified)
	at org.sonatype.plexus.components.sec.dispatcher.SecUtil.read(SecUtil.java:69) ~[plexus-sec-dispatcher-1.3.jar:na]
	at org.sonatype.plexus.components.sec.dispatcher.DefaultSecDispatcher.getSec(DefaultSecDispatcher.java:206) ~[plexus-sec-dispatcher-1.3.jar:na]
	at org.sonatype.plexus.components.sec.dispatcher.DefaultSecDispatcher.decrypt(DefaultSecDispatcher.java:90) ~[plexus-sec-dispatcher-1.3.jar:na]
	... 7 common frames omitted
Caused by: java.io.FileNotFoundException: C:\Users\logonrmlocal\.m2\settings-security.xml (The system cannot find the file specified)
	at java.io.FileInputStream.open0(Native Method) ~[na:1.8.0_171]
	at java.io.FileInputStream.open(Unknown Source) ~[na:1.8.0_171]
	at java.io.FileInputStream.<init>(Unknown Source) ~[na:1.8.0_171]
	at org.sonatype.plexus.components.sec.dispatcher.SecUtil.toStream(SecUtil.java:100) ~[plexus-sec-dispatcher-1.3.jar:na]
	at org.sonatype.plexus.components.sec.dispatcher.SecUtil.read(SecUtil.java:56) ~[plexus-sec-dispatcher-1.3.jar:na]
	... 9 common frames omitted
2019-05-06 08:12:52,343 [Worker-1] WARN  o.e.m.c.internal.embedder.MavenImpl - Failed to decrypt password for server snapshots: org.sonatype.plexus.components.sec.dispatcher.SecDispatcherException: java.io.FileNotFoundException: C:\Users\logonrmlocal\.m2\settings-security.xml (The system cannot find the file specified)
org.sonatype.plexus.components.sec.dispatcher.SecDispatcherException: org.sonatype.plexus.components.sec.dispatcher.SecDispatcherException: java.io.FileNotFoundException: C:\Users\logonrmlocal\.m2\settings-security.xml (The system cannot find the file specified)
	at org.sonatype.plexus.components.sec.dispatcher.DefaultSecDispatcher.decrypt(DefaultSecDispatcher.java:121) ~[plexus-sec-dispatcher-1.3.jar:na]
	at org.apache.maven.settings.crypto.DefaultSettingsDecrypter.decrypt(DefaultSettingsDecrypter.java:107) ~[maven-settings-builder-3.3.9.jar:3.3.9]
	at org.apache.maven.settings.crypto.DefaultSettingsDecrypter.decrypt(DefaultSettingsDecrypter.java:63) ~[maven-settings-builder-3.3.9.jar:3.3.9]
	at org.eclipse.m2e.core.internal.embedder.MavenImpl.decryptPassword(MavenImpl.java:547) ~[org.eclipse.m2e.core_1.8.3.20180227-2137.jar:na]
	at org.eclipse.m2e.core.internal.repository.RepositoryRegistry.getAuthenticationInfo(RepositoryRegistry.java:214) [org.eclipse.m2e.core_1.8.3.20180227-2137.jar:na]
	at org.eclipse.m2e.core.internal.repository.RepositoryRegistry.updateRegistry(RepositoryRegistry.java:258) [org.eclipse.m2e.core_1.8.3.20180227-2137.jar:na]
	at org.eclipse.m2e.core.internal.repository.RepositoryRegistryUpdateJob.run(RepositoryRegistryUpdateJob.java:47) [org.eclipse.m2e.core_1.8.3.20180227-2137.jar:na]
	at org.eclipse.core.internal.jobs.Worker.run(Worker.java:56) [org.eclipse.core.jobs_3.9.3.v20180115-1757.jar:na]
Caused by: org.sonatype.plexus.components.sec.dispatcher.SecDispatcherException: java.io.FileNotFoundException: C:\Users\logonrmlocal\.m2\settings-security.xml (The system cannot find the file specified)
	at org.sonatype.plexus.components.sec.dispatcher.SecUtil.read(SecUtil.java:69) ~[plexus-sec-dispatcher-1.3.jar:na]
	at org.sonatype.plexus.components.sec.dispatcher.DefaultSecDispatcher.getSec(DefaultSecDispatcher.java:206) ~[plexus-sec-dispatcher-1.3.jar:na]
	at org.sonatype.plexus.components.sec.dispatcher.DefaultSecDispatcher.decrypt(DefaultSecDispatcher.java:90) ~[plexus-sec-dispatcher-1.3.jar:na]
	... 7 common frames omitted
Caused by: java.io.FileNotFoundException: C:\Users\logonrmlocal\.m2\settings-security.xml (The system cannot find the file specified)
	at java.io.FileInputStream.open0(Native Method) ~[na:1.8.0_171]
	at java.io.FileInputStream.open(Unknown Source) ~[na:1.8.0_171]
	at java.io.FileInputStream.<init>(Unknown Source) ~[na:1.8.0_171]
	at org.sonatype.plexus.components.sec.dispatcher.SecUtil.toStream(SecUtil.java:100) ~[plexus-sec-dispatcher-1.3.jar:na]
	at org.sonatype.plexus.components.sec.dispatcher.SecUtil.read(SecUtil.java:56) ~[plexus-sec-dispatcher-1.3.jar:na]
	... 9 common frames omitted
2019-05-06 08:12:52,344 [Worker-1] WARN  o.e.m.c.internal.embedder.MavenImpl - Failed to decrypt password for server central: org.sonatype.plexus.components.sec.dispatcher.SecDispatcherException: java.io.FileNotFoundException: C:\Users\logonrmlocal\.m2\settings-security.xml (The system cannot find the file specified)
org.sonatype.plexus.components.sec.dispatcher.SecDispatcherException: org.sonatype.plexus.components.sec.dispatcher.SecDispatcherException: java.io.FileNotFoundException: C:\Users\logonrmlocal\.m2\settings-security.xml (The system cannot find the file specified)
	at org.sonatype.plexus.components.sec.dispatcher.DefaultSecDispatcher.decrypt(DefaultSecDispatcher.java:121) ~[plexus-sec-dispatcher-1.3.jar:na]
	at org.apache.maven.settings.crypto.DefaultSettingsDecrypter.decrypt(DefaultSettingsDecrypter.java:107) ~[maven-settings-builder-3.3.9.jar:3.3.9]
	at org.apache.maven.settings.crypto.DefaultSettingsDecrypter.decrypt(DefaultSettingsDecrypter.java:63) ~[maven-settings-builder-3.3.9.jar:3.3.9]
	at org.eclipse.m2e.core.internal.embedder.MavenImpl.decryptPassword(MavenImpl.java:547) ~[org.eclipse.m2e.core_1.8.3.20180227-2137.jar:na]
	at org.eclipse.m2e.core.internal.repository.RepositoryRegistry.getAuthenticationInfo(RepositoryRegistry.java:214) [org.eclipse.m2e.core_1.8.3.20180227-2137.jar:na]
	at org.eclipse.m2e.core.internal.repository.RepositoryRegistry.addProjectRepositories(RepositoryRegistry.java:149) [org.eclipse.m2e.core_1.8.3.20180227-2137.jar:na]
	at org.eclipse.m2e.core.internal.repository.RepositoryRegistry.updateRegistry(RepositoryRegistry.java:268) [org.eclipse.m2e.core_1.8.3.20180227-2137.jar:na]
	at org.eclipse.m2e.core.internal.repository.RepositoryRegistryUpdateJob.run(RepositoryRegistryUpdateJob.java:47) [org.eclipse.m2e.core_1.8.3.20180227-2137.jar:na]
	at org.eclipse.core.internal.jobs.Worker.run(Worker.java:56) [org.eclipse.core.jobs_3.9.3.v20180115-1757.jar:na]
Caused by: org.sonatype.plexus.components.sec.dispatcher.SecDispatcherException: java.io.FileNotFoundException: C:\Users\logonrmlocal\.m2\settings-security.xml (The system cannot find the file specified)
	at org.sonatype.plexus.components.sec.dispatcher.SecUtil.read(SecUtil.java:69) ~[plexus-sec-dispatcher-1.3.jar:na]
	at org.sonatype.plexus.components.sec.dispatcher.DefaultSecDispatcher.getSec(DefaultSecDispatcher.java:206) ~[plexus-sec-dispatcher-1.3.jar:na]
	at org.sonatype.plexus.components.sec.dispatcher.DefaultSecDispatcher.decrypt(DefaultSecDispatcher.java:90) ~[plexus-sec-dispatcher-1.3.jar:na]
	... 8 common frames omitted
Caused by: java.io.FileNotFoundException: C:\Users\logonrmlocal\.m2\settings-security.xml (The system cannot find the file specified)
	at java.io.FileInputStream.open0(Native Method) ~[na:1.8.0_171]
	at java.io.FileInputStream.open(Unknown Source) ~[na:1.8.0_171]
	at java.io.FileInputStream.<init>(Unknown Source) ~[na:1.8.0_171]
	at org.sonatype.plexus.components.sec.dispatcher.SecUtil.toStream(SecUtil.java:100) ~[plexus-sec-dispatcher-1.3.jar:na]
	at org.sonatype.plexus.components.sec.dispatcher.SecUtil.read(SecUtil.java:56) ~[plexus-sec-dispatcher-1.3.jar:na]
	... 10 common frames omitted
2019-05-06 08:12:52,347 [Worker-1] WARN  o.e.m.c.internal.embedder.MavenImpl - Failed to decrypt password for server central: org.sonatype.plexus.components.sec.dispatcher.SecDispatcherException: java.io.FileNotFoundException: C:\Users\logonrmlocal\.m2\settings-security.xml (The system cannot find the file specified)
org.sonatype.plexus.components.sec.dispatcher.SecDispatcherException: org.sonatype.plexus.components.sec.dispatcher.SecDispatcherException: java.io.FileNotFoundException: C:\Users\logonrmlocal\.m2\settings-security.xml (The system cannot find the file specified)
	at org.sonatype.plexus.components.sec.dispatcher.DefaultSecDispatcher.decrypt(DefaultSecDispatcher.java:121) ~[plexus-sec-dispatcher-1.3.jar:na]
	at org.apache.maven.settings.crypto.DefaultSettingsDecrypter.decrypt(DefaultSettingsDecrypter.java:107) ~[maven-settings-builder-3.3.9.jar:3.3.9]
	at org.apache.maven.settings.crypto.DefaultSettingsDecrypter.decrypt(DefaultSettingsDecrypter.java:63) ~[maven-settings-builder-3.3.9.jar:3.3.9]
	at org.eclipse.m2e.core.internal.embedder.MavenImpl.decryptPassword(MavenImpl.java:547) ~[org.eclipse.m2e.core_1.8.3.20180227-2137.jar:na]
	at org.eclipse.m2e.core.internal.repository.RepositoryRegistry.getAuthenticationInfo(RepositoryRegistry.java:214) [org.eclipse.m2e.core_1.8.3.20180227-2137.jar:na]
	at org.eclipse.m2e.core.internal.repository.RepositoryRegistry.addProjectRepositories(RepositoryRegistry.java:149) [org.eclipse.m2e.core_1.8.3.20180227-2137.jar:na]
	at org.eclipse.m2e.core.internal.repository.RepositoryRegistry.updateRegistry(RepositoryRegistry.java:268) [org.eclipse.m2e.core_1.8.3.20180227-2137.jar:na]
	at org.eclipse.m2e.core.internal.repository.RepositoryRegistryUpdateJob.run(RepositoryRegistryUpdateJob.java:47) [org.eclipse.m2e.core_1.8.3.20180227-2137.jar:na]
	at org.eclipse.core.internal.jobs.Worker.run(Worker.java:56) [org.eclipse.core.jobs_3.9.3.v20180115-1757.jar:na]
Caused by: org.sonatype.plexus.components.sec.dispatcher.SecDispatcherException: java.io.FileNotFoundException: C:\Users\logonrmlocal\.m2\settings-security.xml (The system cannot find the file specified)
	at org.sonatype.plexus.components.sec.dispatcher.SecUtil.read(SecUtil.java:69) ~[plexus-sec-dispatcher-1.3.jar:na]
	at org.sonatype.plexus.components.sec.dispatcher.DefaultSecDispatcher.getSec(DefaultSecDispatcher.java:206) ~[plexus-sec-dispatcher-1.3.jar:na]
	at org.sonatype.plexus.components.sec.dispatcher.DefaultSecDispatcher.decrypt(DefaultSecDispatcher.java:90) ~[plexus-sec-dispatcher-1.3.jar:na]
	... 8 common frames omitted
Caused by: java.io.FileNotFoundException: C:\Users\logonrmlocal\.m2\settings-security.xml (The system cannot find the file specified)
	at java.io.FileInputStream.open0(Native Method) ~[na:1.8.0_171]
	at java.io.FileInputStream.open(Unknown Source) ~[na:1.8.0_171]
	at java.io.FileInputStream.<init>(Unknown Source) ~[na:1.8.0_171]
	at org.sonatype.plexus.components.sec.dispatcher.SecUtil.toStream(SecUtil.java:100) ~[plexus-sec-dispatcher-1.3.jar:na]
	at org.sonatype.plexus.components.sec.dispatcher.SecUtil.read(SecUtil.java:56) ~[plexus-sec-dispatcher-1.3.jar:na]
	... 10 common frames omitted
2019-05-06 08:12:52,811 [Worker-2] INFO  o.e.m.c.i.e.AbstractTransferListenerAdapter - Downloading http://fiaprepodevops.fiap.com.br:8040/artifactory/libs-release/org/apache/maven/plugins/maven-compiler-plugin/3.1/maven-compiler-plugin-3.1.pom
2019-05-06 08:12:53,270 [Worker-2] INFO  o.e.m.c.i.e.AbstractTransferListenerAdapter - Downloaded http://fiaprepodevops.fiap.com.br:8040/artifactory/libs-release/org/apache/maven/plugins/maven-compiler-plugin/3.1/maven-compiler-plugin-3.1.pom
2019-05-06 08:12:53,601 [Worker-2] INFO  o.e.m.c.i.e.AbstractTransferListenerAdapter - Downloading http://fiaprepodevops.fiap.com.br:8040/artifactory/libs-release/org/apache/maven/plugins/maven-plugins/24/maven-plugins-24.pom
2019-05-06 08:12:55,771 [Worker-2] INFO  o.e.m.c.i.e.AbstractTransferListenerAdapter - Downloaded http://fiaprepodevops.fiap.com.br:8040/artifactory/libs-release/org/apache/maven/plugins/maven-plugins/24/maven-plugins-24.pom
2019-05-06 08:12:57,204 [Worker-2] INFO  o.e.m.c.i.e.AbstractTransferListenerAdapter - Downloading http://fiaprepodevops.fiap.com.br:8040/artifactory/libs-release/org/apache/maven/plugins/maven-compiler-plugin/3.1/maven-compiler-plugin-3.1.jar
2019-05-06 08:12:59,649 [Worker-2] INFO  o.e.m.c.i.e.AbstractTransferListenerAdapter - Downloaded http://fiaprepodevops.fiap.com.br:8040/artifactory/libs-release/org/apache/maven/plugins/maven-compiler-plugin/3.1/maven-compiler-plugin-3.1.jar
2019-05-06 08:13:00,552 [Worker-2] INFO  o.e.m.c.i.embedder.EclipseLogger - Using 'UTF-8' encoding to copy filtered resources.
2019-05-06 08:13:00,552 [Worker-2] INFO  o.e.m.c.i.embedder.EclipseLogger - skip non existing resourceDirectory C:\Users\Administrator\eclipse-workspace\teste\src\main\resources
2019-05-06 08:13:00,554 [Worker-2] INFO  o.e.m.c.i.embedder.EclipseLogger - Using 'UTF-8' encoding to copy filtered resources.
2019-05-06 08:13:00,554 [Worker-2] INFO  o.e.m.c.i.embedder.EclipseLogger - skip non existing resourceDirectory C:\Users\Administrator\eclipse-workspace\teste\src\test\resources
